【15:05:00.002】  Error T25 
抛出信息：Biz_ContractService.Add 
异常类型：NullReferenceException 
异常信息：Object reference not set to an instance of an object. 
堆栈调用：
   at Vodace.Core.Common.DataSequence.GetSequence(String prefix, String contract_no) in D:\jobs\Project_Vodace_v5\Code\Vodace.Api\Vodace.Core\Common\DataSequence.cs:line 32
   at Vodace.Sys.Services.Biz_ContractService.Add(ContractDto contractDto) in D:\jobs\Project_Vodace_v5\Code\Vodace.Api\Vodace.Sys\Services\Biz\Partial\Biz_ContractService.cs:line 85
【16:17:19.889】  Error T17 
抛出信息：Sys_Leave_RecordService.Edit 
异常类型：InvalidOperationException 
异常信息：Nullable object must have a value. 
堆栈调用：
   at System.Nullable`1.get_Value()
   at Vodace.Sys.Services.Sys_Leave_RecordService.Edit(LeaveRecordEditDto dto) in D:\jobs\Project_Vodace_v5\Code\Vodace.Api\Vodace.Sys\Services\System\Partial\Sys_Leave_RecordService.cs:line 264
【16:17:53.549】  Error T17 
抛出信息：Sys_Leave_RecordService.Edit 
异常类型：InvalidOperationException 
异常信息：Nullable object must have a value. 
堆栈调用：
   at System.Nullable`1.get_Value()
   at Vodace.Sys.Services.Sys_Leave_RecordService.Edit(LeaveRecordEditDto dto) in D:\jobs\Project_Vodace_v5\Code\Vodace.Api\Vodace.Sys\Services\System\Partial\Sys_Leave_RecordService.cs:line 264
【16:18:27.142】  Error T20 
抛出信息：Sys_Leave_RecordService.Edit 
异常类型：InvalidOperationException 
异常信息：Nullable object must have a value. 
堆栈调用：
   at System.Nullable`1.get_Value()
   at Vodace.Sys.Services.Sys_Leave_RecordService.Edit(LeaveRecordEditDto dto) in D:\jobs\Project_Vodace_v5\Code\Vodace.Api\Vodace.Sys\Services\System\Partial\Sys_Leave_RecordService.cs:line 264
