【14:00:04.424】  Error T11 
抛出信息：Biz_Site_Work_Record_WorkerService.GetSiteAttendanceRecords 
异常类型：InvalidOperationException 
异常信息：The LINQ expression 'DbSet<Biz_Site_Work_Record_Worker>()
    .Where(b => b.delete_status == (int?)0)
    .Where(b => b.delete_status == __valid_0)
    .LeftJoin(
        inner: DbSet<Biz_Site_Work_Record>()
            .Where(b0 => b0.delete_status == (int?)0)
            .Where(b0 => b0.delete_status == __valid_0), 
        outerKeySelector: b => (object)b.record_id, 
        innerKeySelector: b0 => (object)(Guid?)b0.id, 
        resultSelector: (b, b0) => new TransparentIdentifier<Biz_Site_Work_Record_Worker, Biz_Site_Work_Record>(
            Outer = b, 
            Inner = b0
        ))
    .LeftJoin(
        inner: DbSet<Sys_Contact>()
            .Where(s => s.delete_status == (int?)0)
            .Where(s => s.delete_status == __valid_0), 
        outerKeySelector: ti => (object)ti.Outer.contact_id, 
        innerKeySelector: s => (object)(Guid?)s.id, 
        resultSelector: (ti, s) => new TransparentIdentifier<TransparentIdentifier<Biz_Site_Work_Record_Worker, Biz_Site_Work_Record>, Sys_Contact>(
            Outer = ti, 
            Inner = s
        ))
    .LeftJoin(
        inner: DbSet<Sys_Work_Type>()
            .Where(s0 => s0.delete_status == (int?)0)
            .Where(s0 => s0.delete_status == __valid_0), 
        outerKeySelector: ti0 => (object)ti0.Outer.Outer.work_type_id, 
        innerKeySelector: s0 => (object)(Guid?)s0.id, 
        resultSelector: (ti0, s0) => new TransparentIdentifier<TransparentIdentifier<TransparentIdentifier<Biz_Site_Work_Record_Worker, Biz_Site_Work_Record>, Sys_Contact>, Sys_Work_Type>(
            Outer = ti0, 
            Inner = s0
        ))
    .LeftJoin(
        inner: DbSet<Sys_User_New>()
            .Where(s1 => s1.delete_status == (int?)0)
            .Where(s1 => s1.delete_status == __valid_0), 
        outerKeySelector: ti1 => (object)ti1.Outer.Outer.Outer.contact_id, 
        innerKeySelector: s1 => (object)s1.contact_id, 
        resultSelector: (ti1, s1) => new TransparentIdentifier<TransparentIdentifier<TransparentIdentifier<TransparentIdentifier<Biz_Site_Work_Record_Worker, Biz_Site_Work_Record>, Sys_Contact>, Sys_Work_Type>, Sys_User_New>(
            Outer = ti1, 
            Inner = s1
        ))
    .LeftJoin(
        inner: DbSet<Sys_Worker_Register>()
            .Where(s2 => s2.delete_status == (int?)0)
            .Where(s2 => s2.delete_status == __valid_0), 
        outerKeySelector: ti2 => (object)ti2.Inner.user_register_id, 
        innerKeySelector: s2 => (object)(Guid?)s2.id, 
        resultSelector: (ti2, s2) => new TransparentIdentifier<TransparentIdentifier<TransparentIdentifier<TransparentIdentifier<TransparentIdentifier<Biz_Site_Work_Record_Worker, Biz_Site_Work_Record>, Sys_Contact>, Sys_Work_Type>, Sys_User_New>, Sys_Worker_Register>(
            Outer = ti2, 
            Inner = s2
        ))
    .Where(ti3 => ti3.Outer.Outer.Outer.Outer.Inner != null && ti3.Outer.Outer.Outer.Inner != null && ti3.Outer.Outer.Inner != null)
    .GroupBy(ti3 => new { 
        Month = ti3.Outer.Outer.Outer.Outer.Inner.work_date
            .ToString("yyyy-MM"), 
        contact_id = ti3.Outer.Outer.Outer.Outer.Outer.contact_id, 
        base_salary = ti3.Outer.Outer.Outer.Outer.Outer.base_salary, 
        name_cht = ti3.Outer.Outer.Outer.Inner.name_cht, 
        name_eng = ti3.Outer.Outer.Outer.Inner.name_eng, 
        wrc_no = ti3.Inner.wrc_no, 
        type_name = ti3.Outer.Outer.Inner.type_name, 
        shift = ti3.Outer.Outer.Outer.Outer.Inner.shift, 
        day_salary = ti3.Outer.Outer.Inner.day_salary, 
        night_salary = ti3.Outer.Outer.Inner.night_salary
     })' could not be translated. Additional information: Translation of method 'Vodace.Core.Extensions.ObjectExtension.ToString' failed. If this method can be mapped to your custom function, see https://go.microsoft.com/fwlink/?linkid=2132413 for more information. Either rewrite the query in a form that can be translated, or switch to client evaluation explicitly by inserting a call to 'AsEnumerable', 'AsAsyncEnumerable', 'ToList', or 'ToListAsync'. See https://go.microsoft.com/fwlink/?linkid=2101038 for more information. 
堆栈调用：
   at Microsoft.EntityFrameworkCore.Query.QueryableMethodTranslatingExpressionVisitor.Translate(Expression expression)
   at Microsoft.EntityFrameworkCore.Query.RelationalQueryableMethodTranslatingExpressionVisitor.Translate(Expression expression)
   at Microsoft.EntityFrameworkCore.Query.QueryCompilationContext.CreateQueryExecutor[TResult](Expression query)
   at Microsoft.EntityFrameworkCore.Storage.Database.CompileQuery[TResult](Expression query, Boolean async)
   at Microsoft.EntityFrameworkCore.Query.Internal.QueryCompiler.CompileQueryCore[TResult](IDatabase database, Expression query, IModel model, Boolean async)
   at Microsoft.EntityFrameworkCore.Query.Internal.QueryCompiler.<>c__DisplayClass9_0`1.<Execute>b__0()
   at Microsoft.EntityFrameworkCore.Query.Internal.CompiledQueryCache.GetOrAddQuery[TResult](Object cacheKey, Func`1 compiler)
   at Microsoft.EntityFrameworkCore.Query.Internal.QueryCompiler.Execute[TResult](Expression query)
   at Microsoft.EntityFrameworkCore.Query.Internal.EntityQueryProvider.Execute[TResult](Expression expression)
   at Microsoft.EntityFrameworkCore.EntityFrameworkQueryableExtensions.ToQueryString(IQueryable source)
   at Vodace.Sys.Services.Biz_Site_Work_Record_WorkerService.GetContactAttendanceInfo(PageInput`1 dto) in D:\jobs\Project_Vodace_v5\Code\Vodace.Api\Vodace.Sys\Services\Biz\Partial\Biz_Site_Work_Record_WorkerService.cs:line 560
【14:01:45.341】  Error T10 
抛出信息：Biz_Site_Work_Record_WorkerService.GetSiteAttendanceRecords 
异常类型：InvalidOperationException 
异常信息：The LINQ expression 'DbSet<Biz_Site_Work_Record_Worker>()
    .Where(b => b.delete_status == (int?)0)
    .Where(b => b.delete_status == __valid_0)
    .LeftJoin(
        inner: DbSet<Biz_Site_Work_Record>()
            .Where(b0 => b0.delete_status == (int?)0)
            .Where(b0 => b0.delete_status == __valid_0), 
        outerKeySelector: b => (object)b.record_id, 
        innerKeySelector: b0 => (object)(Guid?)b0.id, 
        resultSelector: (b, b0) => new TransparentIdentifier<Biz_Site_Work_Record_Worker, Biz_Site_Work_Record>(
            Outer = b, 
            Inner = b0
        ))
    .LeftJoin(
        inner: DbSet<Sys_Contact>()
            .Where(s => s.delete_status == (int?)0)
            .Where(s => s.delete_status == __valid_0), 
        outerKeySelector: ti => (object)ti.Outer.contact_id, 
        innerKeySelector: s => (object)(Guid?)s.id, 
        resultSelector: (ti, s) => new TransparentIdentifier<TransparentIdentifier<Biz_Site_Work_Record_Worker, Biz_Site_Work_Record>, Sys_Contact>(
            Outer = ti, 
            Inner = s
        ))
    .LeftJoin(
        inner: DbSet<Sys_Work_Type>()
            .Where(s0 => s0.delete_status == (int?)0)
            .Where(s0 => s0.delete_status == __valid_0), 
        outerKeySelector: ti0 => (object)ti0.Outer.Outer.work_type_id, 
        innerKeySelector: s0 => (object)(Guid?)s0.id, 
        resultSelector: (ti0, s0) => new TransparentIdentifier<TransparentIdentifier<TransparentIdentifier<Biz_Site_Work_Record_Worker, Biz_Site_Work_Record>, Sys_Contact>, Sys_Work_Type>(
            Outer = ti0, 
            Inner = s0
        ))
    .LeftJoin(
        inner: DbSet<Sys_User_New>()
            .Where(s1 => s1.delete_status == (int?)0)
            .Where(s1 => s1.delete_status == __valid_0), 
        outerKeySelector: ti1 => (object)ti1.Outer.Outer.Outer.contact_id, 
        innerKeySelector: s1 => (object)s1.contact_id, 
        resultSelector: (ti1, s1) => new TransparentIdentifier<TransparentIdentifier<TransparentIdentifier<TransparentIdentifier<Biz_Site_Work_Record_Worker, Biz_Site_Work_Record>, Sys_Contact>, Sys_Work_Type>, Sys_User_New>(
            Outer = ti1, 
            Inner = s1
        ))
    .LeftJoin(
        inner: DbSet<Sys_Worker_Register>()
            .Where(s2 => s2.delete_status == (int?)0)
            .Where(s2 => s2.delete_status == __valid_0), 
        outerKeySelector: ti2 => (object)ti2.Inner.user_register_id, 
        innerKeySelector: s2 => (object)(Guid?)s2.id, 
        resultSelector: (ti2, s2) => new TransparentIdentifier<TransparentIdentifier<TransparentIdentifier<TransparentIdentifier<TransparentIdentifier<Biz_Site_Work_Record_Worker, Biz_Site_Work_Record>, Sys_Contact>, Sys_Work_Type>, Sys_User_New>, Sys_Worker_Register>(
            Outer = ti2, 
            Inner = s2
        ))
    .Where(ti3 => ti3.Outer.Outer.Outer.Outer.Inner != null && ti3.Outer.Outer.Outer.Inner != null && ti3.Outer.Outer.Inner != null)
    .GroupBy(ti3 => new { 
        Month = ti3.Outer.Outer.Outer.Outer.Inner.work_date
            .ToString("yyyy-MM"), 
        contact_id = ti3.Outer.Outer.Outer.Outer.Outer.contact_id, 
        base_salary = ti3.Outer.Outer.Outer.Outer.Outer.base_salary, 
        name_cht = ti3.Outer.Outer.Outer.Inner.name_cht, 
        name_eng = ti3.Outer.Outer.Outer.Inner.name_eng, 
        wrc_no = ti3.Inner.wrc_no, 
        type_name = ti3.Outer.Outer.Inner.type_name, 
        shift = ti3.Outer.Outer.Outer.Outer.Inner.shift, 
        day_salary = ti3.Outer.Outer.Inner.day_salary, 
        night_salary = ti3.Outer.Outer.Inner.night_salary
     })' could not be translated. Additional information: Translation of method 'Vodace.Core.Extensions.ObjectExtension.ToString' failed. If this method can be mapped to your custom function, see https://go.microsoft.com/fwlink/?linkid=2132413 for more information. Either rewrite the query in a form that can be translated, or switch to client evaluation explicitly by inserting a call to 'AsEnumerable', 'AsAsyncEnumerable', 'ToList', or 'ToListAsync'. See https://go.microsoft.com/fwlink/?linkid=2101038 for more information. 
堆栈调用：
   at Microsoft.EntityFrameworkCore.Query.QueryableMethodTranslatingExpressionVisitor.Translate(Expression expression)
   at Microsoft.EntityFrameworkCore.Query.RelationalQueryableMethodTranslatingExpressionVisitor.Translate(Expression expression)
   at Microsoft.EntityFrameworkCore.Query.QueryCompilationContext.CreateQueryExecutor[TResult](Expression query)
   at Microsoft.EntityFrameworkCore.Storage.Database.CompileQuery[TResult](Expression query, Boolean async)
   at Microsoft.EntityFrameworkCore.Query.Internal.QueryCompiler.CompileQueryCore[TResult](IDatabase database, Expression query, IModel model, Boolean async)
   at Microsoft.EntityFrameworkCore.Query.Internal.QueryCompiler.<>c__DisplayClass9_0`1.<Execute>b__0()
   at Microsoft.EntityFrameworkCore.Query.Internal.CompiledQueryCache.GetOrAddQuery[TResult](Object cacheKey, Func`1 compiler)
   at Microsoft.EntityFrameworkCore.Query.Internal.QueryCompiler.Execute[TResult](Expression query)
   at Microsoft.EntityFrameworkCore.Query.Internal.EntityQueryProvider.Execute[TResult](Expression expression)
   at Microsoft.EntityFrameworkCore.EntityFrameworkQueryableExtensions.ToQueryString(IQueryable source)
   at Vodace.Sys.Services.Biz_Site_Work_Record_WorkerService.GetContactAttendanceInfo(PageInput`1 dto) in D:\jobs\Project_Vodace_v5\Code\Vodace.Api\Vodace.Sys\Services\Biz\Partial\Biz_Site_Work_Record_WorkerService.cs:line 560
【14:02:04.469】  Error T18 
抛出信息：Biz_Site_Work_Record_WorkerService.GetSiteAttendanceRecords 
异常类型：InvalidOperationException 
异常信息：The LINQ expression 'DbSet<Biz_Site_Work_Record_Worker>()
    .Where(b => b.delete_status == (int?)0)
    .Where(b => b.delete_status == __valid_0)
    .LeftJoin(
        inner: DbSet<Biz_Site_Work_Record>()
            .Where(b0 => b0.delete_status == (int?)0)
            .Where(b0 => b0.delete_status == __valid_0), 
        outerKeySelector: b => (object)b.record_id, 
        innerKeySelector: b0 => (object)(Guid?)b0.id, 
        resultSelector: (b, b0) => new TransparentIdentifier<Biz_Site_Work_Record_Worker, Biz_Site_Work_Record>(
            Outer = b, 
            Inner = b0
        ))
    .LeftJoin(
        inner: DbSet<Sys_Contact>()
            .Where(s => s.delete_status == (int?)0)
            .Where(s => s.delete_status == __valid_0), 
        outerKeySelector: ti => (object)ti.Outer.contact_id, 
        innerKeySelector: s => (object)(Guid?)s.id, 
        resultSelector: (ti, s) => new TransparentIdentifier<TransparentIdentifier<Biz_Site_Work_Record_Worker, Biz_Site_Work_Record>, Sys_Contact>(
            Outer = ti, 
            Inner = s
        ))
    .LeftJoin(
        inner: DbSet<Sys_Work_Type>()
            .Where(s0 => s0.delete_status == (int?)0)
            .Where(s0 => s0.delete_status == __valid_0), 
        outerKeySelector: ti0 => (object)ti0.Outer.Outer.work_type_id, 
        innerKeySelector: s0 => (object)(Guid?)s0.id, 
        resultSelector: (ti0, s0) => new TransparentIdentifier<TransparentIdentifier<TransparentIdentifier<Biz_Site_Work_Record_Worker, Biz_Site_Work_Record>, Sys_Contact>, Sys_Work_Type>(
            Outer = ti0, 
            Inner = s0
        ))
    .LeftJoin(
        inner: DbSet<Sys_User_New>()
            .Where(s1 => s1.delete_status == (int?)0)
            .Where(s1 => s1.delete_status == __valid_0), 
        outerKeySelector: ti1 => (object)ti1.Outer.Outer.Outer.contact_id, 
        innerKeySelector: s1 => (object)s1.contact_id, 
        resultSelector: (ti1, s1) => new TransparentIdentifier<TransparentIdentifier<TransparentIdentifier<TransparentIdentifier<Biz_Site_Work_Record_Worker, Biz_Site_Work_Record>, Sys_Contact>, Sys_Work_Type>, Sys_User_New>(
            Outer = ti1, 
            Inner = s1
        ))
    .LeftJoin(
        inner: DbSet<Sys_Worker_Register>()
            .Where(s2 => s2.delete_status == (int?)0)
            .Where(s2 => s2.delete_status == __valid_0), 
        outerKeySelector: ti2 => (object)ti2.Inner.user_register_id, 
        innerKeySelector: s2 => (object)(Guid?)s2.id, 
        resultSelector: (ti2, s2) => new TransparentIdentifier<TransparentIdentifier<TransparentIdentifier<TransparentIdentifier<TransparentIdentifier<Biz_Site_Work_Record_Worker, Biz_Site_Work_Record>, Sys_Contact>, Sys_Work_Type>, Sys_User_New>, Sys_Worker_Register>(
            Outer = ti2, 
            Inner = s2
        ))
    .Where(ti3 => ti3.Outer.Outer.Outer.Outer.Inner != null && ti3.Outer.Outer.Outer.Inner != null && ti3.Outer.Outer.Inner != null)
    .GroupBy(ti3 => new { 
        Month = ti3.Outer.Outer.Outer.Outer.Inner.work_date
            .ToString("yyyy-MM"), 
        contact_id = ti3.Outer.Outer.Outer.Outer.Outer.contact_id, 
        base_salary = ti3.Outer.Outer.Outer.Outer.Outer.base_salary, 
        name_cht = ti3.Outer.Outer.Outer.Inner.name_cht, 
        name_eng = ti3.Outer.Outer.Outer.Inner.name_eng, 
        wrc_no = ti3.Inner.wrc_no, 
        type_name = ti3.Outer.Outer.Inner.type_name, 
        shift = ti3.Outer.Outer.Outer.Outer.Inner.shift, 
        day_salary = ti3.Outer.Outer.Inner.day_salary, 
        night_salary = ti3.Outer.Outer.Inner.night_salary
     })' could not be translated. Additional information: Translation of method 'Vodace.Core.Extensions.ObjectExtension.ToString' failed. If this method can be mapped to your custom function, see https://go.microsoft.com/fwlink/?linkid=2132413 for more information. Either rewrite the query in a form that can be translated, or switch to client evaluation explicitly by inserting a call to 'AsEnumerable', 'AsAsyncEnumerable', 'ToList', or 'ToListAsync'. See https://go.microsoft.com/fwlink/?linkid=2101038 for more information. 
堆栈调用：
   at Microsoft.EntityFrameworkCore.Query.QueryableMethodTranslatingExpressionVisitor.Translate(Expression expression)
   at Microsoft.EntityFrameworkCore.Query.RelationalQueryableMethodTranslatingExpressionVisitor.Translate(Expression expression)
   at Microsoft.EntityFrameworkCore.Query.QueryCompilationContext.CreateQueryExecutor[TResult](Expression query)
   at Microsoft.EntityFrameworkCore.Storage.Database.CompileQuery[TResult](Expression query, Boolean async)
   at Microsoft.EntityFrameworkCore.Query.Internal.QueryCompiler.CompileQueryCore[TResult](IDatabase database, Expression query, IModel model, Boolean async)
   at Microsoft.EntityFrameworkCore.Query.Internal.QueryCompiler.<>c__DisplayClass9_0`1.<Execute>b__0()
   at Microsoft.EntityFrameworkCore.Query.Internal.CompiledQueryCache.GetOrAddQuery[TResult](Object cacheKey, Func`1 compiler)
   at Microsoft.EntityFrameworkCore.Query.Internal.QueryCompiler.Execute[TResult](Expression query)
   at Microsoft.EntityFrameworkCore.Query.Internal.EntityQueryProvider.Execute[TResult](Expression expression)
   at Microsoft.EntityFrameworkCore.EntityFrameworkQueryableExtensions.ToQueryString(IQueryable source)
   at Vodace.Sys.Services.Biz_Site_Work_Record_WorkerService.GetContactAttendanceInfo(PageInput`1 dto) in D:\jobs\Project_Vodace_v5\Code\Vodace.Api\Vodace.Sys\Services\Biz\Partial\Biz_Site_Work_Record_WorkerService.cs:line 560
【14:02:49.801】  Error T18 
抛出信息：Biz_Site_Work_Record_WorkerService.GetSiteAttendanceRecords 
异常类型：InvalidOperationException 
异常信息：The LINQ expression 'DbSet<Biz_Site_Work_Record_Worker>()
    .Where(b => b.delete_status == (int?)0)
    .Where(b => b.delete_status == __valid_0)
    .LeftJoin(
        inner: DbSet<Biz_Site_Work_Record>()
            .Where(b0 => b0.delete_status == (int?)0)
            .Where(b0 => b0.delete_status == __valid_0), 
        outerKeySelector: b => (object)b.record_id, 
        innerKeySelector: b0 => (object)(Guid?)b0.id, 
        resultSelector: (b, b0) => new TransparentIdentifier<Biz_Site_Work_Record_Worker, Biz_Site_Work_Record>(
            Outer = b, 
            Inner = b0
        ))
    .LeftJoin(
        inner: DbSet<Sys_Contact>()
            .Where(s => s.delete_status == (int?)0)
            .Where(s => s.delete_status == __valid_0), 
        outerKeySelector: ti => (object)ti.Outer.contact_id, 
        innerKeySelector: s => (object)(Guid?)s.id, 
        resultSelector: (ti, s) => new TransparentIdentifier<TransparentIdentifier<Biz_Site_Work_Record_Worker, Biz_Site_Work_Record>, Sys_Contact>(
            Outer = ti, 
            Inner = s
        ))
    .LeftJoin(
        inner: DbSet<Sys_Work_Type>()
            .Where(s0 => s0.delete_status == (int?)0)
            .Where(s0 => s0.delete_status == __valid_0), 
        outerKeySelector: ti0 => (object)ti0.Outer.Outer.work_type_id, 
        innerKeySelector: s0 => (object)(Guid?)s0.id, 
        resultSelector: (ti0, s0) => new TransparentIdentifier<TransparentIdentifier<TransparentIdentifier<Biz_Site_Work_Record_Worker, Biz_Site_Work_Record>, Sys_Contact>, Sys_Work_Type>(
            Outer = ti0, 
            Inner = s0
        ))
    .LeftJoin(
        inner: DbSet<Sys_User_New>()
            .Where(s1 => s1.delete_status == (int?)0)
            .Where(s1 => s1.delete_status == __valid_0), 
        outerKeySelector: ti1 => (object)ti1.Outer.Outer.Outer.contact_id, 
        innerKeySelector: s1 => (object)s1.contact_id, 
        resultSelector: (ti1, s1) => new TransparentIdentifier<TransparentIdentifier<TransparentIdentifier<TransparentIdentifier<Biz_Site_Work_Record_Worker, Biz_Site_Work_Record>, Sys_Contact>, Sys_Work_Type>, Sys_User_New>(
            Outer = ti1, 
            Inner = s1
        ))
    .LeftJoin(
        inner: DbSet<Sys_Worker_Register>()
            .Where(s2 => s2.delete_status == (int?)0)
            .Where(s2 => s2.delete_status == __valid_0), 
        outerKeySelector: ti2 => (object)ti2.Inner.user_register_id, 
        innerKeySelector: s2 => (object)(Guid?)s2.id, 
        resultSelector: (ti2, s2) => new TransparentIdentifier<TransparentIdentifier<TransparentIdentifier<TransparentIdentifier<TransparentIdentifier<Biz_Site_Work_Record_Worker, Biz_Site_Work_Record>, Sys_Contact>, Sys_Work_Type>, Sys_User_New>, Sys_Worker_Register>(
            Outer = ti2, 
            Inner = s2
        ))
    .Where(ti3 => ti3.Outer.Outer.Outer.Outer.Inner != null && ti3.Outer.Outer.Outer.Inner != null && ti3.Outer.Outer.Inner != null)
    .GroupBy(ti3 => new { 
        Month = ti3.Outer.Outer.Outer.Outer.Inner.work_date
            .ToString("yyyy-MM"), 
        contact_id = ti3.Outer.Outer.Outer.Outer.Outer.contact_id, 
        base_salary = ti3.Outer.Outer.Outer.Outer.Outer.base_salary, 
        name_cht = ti3.Outer.Outer.Outer.Inner.name_cht, 
        name_eng = ti3.Outer.Outer.Outer.Inner.name_eng, 
        wrc_no = ti3.Inner.wrc_no, 
        type_name = ti3.Outer.Outer.Inner.type_name, 
        shift = ti3.Outer.Outer.Outer.Outer.Inner.shift, 
        day_salary = ti3.Outer.Outer.Inner.day_salary, 
        night_salary = ti3.Outer.Outer.Inner.night_salary
     })' could not be translated. Additional information: Translation of method 'Vodace.Core.Extensions.ObjectExtension.ToString' failed. If this method can be mapped to your custom function, see https://go.microsoft.com/fwlink/?linkid=2132413 for more information. Either rewrite the query in a form that can be translated, or switch to client evaluation explicitly by inserting a call to 'AsEnumerable', 'AsAsyncEnumerable', 'ToList', or 'ToListAsync'. See https://go.microsoft.com/fwlink/?linkid=2101038 for more information. 
堆栈调用：
   at Microsoft.EntityFrameworkCore.Query.QueryableMethodTranslatingExpressionVisitor.Translate(Expression expression)
   at Microsoft.EntityFrameworkCore.Query.RelationalQueryableMethodTranslatingExpressionVisitor.Translate(Expression expression)
   at Microsoft.EntityFrameworkCore.Query.QueryCompilationContext.CreateQueryExecutor[TResult](Expression query)
   at Microsoft.EntityFrameworkCore.Storage.Database.CompileQuery[TResult](Expression query, Boolean async)
   at Microsoft.EntityFrameworkCore.Query.Internal.QueryCompiler.CompileQueryCore[TResult](IDatabase database, Expression query, IModel model, Boolean async)
   at Microsoft.EntityFrameworkCore.Query.Internal.QueryCompiler.<>c__DisplayClass9_0`1.<Execute>b__0()
   at Microsoft.EntityFrameworkCore.Query.Internal.CompiledQueryCache.GetOrAddQuery[TResult](Object cacheKey, Func`1 compiler)
   at Microsoft.EntityFrameworkCore.Query.Internal.QueryCompiler.Execute[TResult](Expression query)
   at Microsoft.EntityFrameworkCore.Query.Internal.EntityQueryProvider.Execute[TResult](Expression expression)
   at Microsoft.EntityFrameworkCore.EntityFrameworkQueryableExtensions.ToQueryString(IQueryable source)
   at Vodace.Sys.Services.Biz_Site_Work_Record_WorkerService.GetContactAttendanceInfo(PageInput`1 dto) in D:\jobs\Project_Vodace_v5\Code\Vodace.Api\Vodace.Sys\Services\Biz\Partial\Biz_Site_Work_Record_WorkerService.cs:line 560
【14:03:43.682】  Error T17 
抛出信息：Biz_Site_Work_Record_WorkerService.GetSiteAttendanceRecords 
异常类型：InvalidOperationException 
异常信息：The LINQ expression 'DbSet<Biz_Site_Work_Record_Worker>()
    .Where(b => b.delete_status == (int?)0)
    .Where(b => b.delete_status == __valid_0)
    .LeftJoin(
        inner: DbSet<Biz_Site_Work_Record>()
            .Where(b0 => b0.delete_status == (int?)0)
            .Where(b0 => b0.delete_status == __valid_0), 
        outerKeySelector: b => (object)b.record_id, 
        innerKeySelector: b0 => (object)(Guid?)b0.id, 
        resultSelector: (b, b0) => new TransparentIdentifier<Biz_Site_Work_Record_Worker, Biz_Site_Work_Record>(
            Outer = b, 
            Inner = b0
        ))
    .LeftJoin(
        inner: DbSet<Sys_Contact>()
            .Where(s => s.delete_status == (int?)0)
            .Where(s => s.delete_status == __valid_0), 
        outerKeySelector: ti => (object)ti.Outer.contact_id, 
        innerKeySelector: s => (object)(Guid?)s.id, 
        resultSelector: (ti, s) => new TransparentIdentifier<TransparentIdentifier<Biz_Site_Work_Record_Worker, Biz_Site_Work_Record>, Sys_Contact>(
            Outer = ti, 
            Inner = s
        ))
    .LeftJoin(
        inner: DbSet<Sys_Work_Type>()
            .Where(s0 => s0.delete_status == (int?)0)
            .Where(s0 => s0.delete_status == __valid_0), 
        outerKeySelector: ti0 => (object)ti0.Outer.Outer.work_type_id, 
        innerKeySelector: s0 => (object)(Guid?)s0.id, 
        resultSelector: (ti0, s0) => new TransparentIdentifier<TransparentIdentifier<TransparentIdentifier<Biz_Site_Work_Record_Worker, Biz_Site_Work_Record>, Sys_Contact>, Sys_Work_Type>(
            Outer = ti0, 
            Inner = s0
        ))
    .LeftJoin(
        inner: DbSet<Sys_User_New>()
            .Where(s1 => s1.delete_status == (int?)0)
            .Where(s1 => s1.delete_status == __valid_0), 
        outerKeySelector: ti1 => (object)ti1.Outer.Outer.Outer.contact_id, 
        innerKeySelector: s1 => (object)s1.contact_id, 
        resultSelector: (ti1, s1) => new TransparentIdentifier<TransparentIdentifier<TransparentIdentifier<TransparentIdentifier<Biz_Site_Work_Record_Worker, Biz_Site_Work_Record>, Sys_Contact>, Sys_Work_Type>, Sys_User_New>(
            Outer = ti1, 
            Inner = s1
        ))
    .LeftJoin(
        inner: DbSet<Sys_Worker_Register>()
            .Where(s2 => s2.delete_status == (int?)0)
            .Where(s2 => s2.delete_status == __valid_0), 
        outerKeySelector: ti2 => (object)ti2.Inner.user_register_id, 
        innerKeySelector: s2 => (object)(Guid?)s2.id, 
        resultSelector: (ti2, s2) => new TransparentIdentifier<TransparentIdentifier<TransparentIdentifier<TransparentIdentifier<TransparentIdentifier<Biz_Site_Work_Record_Worker, Biz_Site_Work_Record>, Sys_Contact>, Sys_Work_Type>, Sys_User_New>, Sys_Worker_Register>(
            Outer = ti2, 
            Inner = s2
        ))
    .Where(ti3 => ti3.Outer.Outer.Outer.Outer.Inner != null && ti3.Outer.Outer.Outer.Inner != null && ti3.Outer.Outer.Inner != null)
    .GroupBy(ti3 => new { 
        Month = ti3.Outer.Outer.Outer.Outer.Inner.work_date
            .ToString("yyyy-MM"), 
        contact_id = ti3.Outer.Outer.Outer.Outer.Outer.contact_id, 
        base_salary = ti3.Outer.Outer.Outer.Outer.Outer.base_salary, 
        name_cht = ti3.Outer.Outer.Outer.Inner.name_cht, 
        name_eng = ti3.Outer.Outer.Outer.Inner.name_eng, 
        wrc_no = ti3.Inner.wrc_no, 
        type_name = ti3.Outer.Outer.Inner.type_name, 
        shift = ti3.Outer.Outer.Outer.Outer.Inner.shift, 
        day_salary = ti3.Outer.Outer.Inner.day_salary, 
        night_salary = ti3.Outer.Outer.Inner.night_salary
     })' could not be translated. Additional information: Translation of method 'Vodace.Core.Extensions.ObjectExtension.ToString' failed. If this method can be mapped to your custom function, see https://go.microsoft.com/fwlink/?linkid=2132413 for more information. Either rewrite the query in a form that can be translated, or switch to client evaluation explicitly by inserting a call to 'AsEnumerable', 'AsAsyncEnumerable', 'ToList', or 'ToListAsync'. See https://go.microsoft.com/fwlink/?linkid=2101038 for more information. 
堆栈调用：
   at Microsoft.EntityFrameworkCore.Query.QueryableMethodTranslatingExpressionVisitor.Translate(Expression expression)
   at Microsoft.EntityFrameworkCore.Query.RelationalQueryableMethodTranslatingExpressionVisitor.Translate(Expression expression)
   at Microsoft.EntityFrameworkCore.Query.QueryCompilationContext.CreateQueryExecutor[TResult](Expression query)
   at Microsoft.EntityFrameworkCore.Storage.Database.CompileQuery[TResult](Expression query, Boolean async)
   at Microsoft.EntityFrameworkCore.Query.Internal.QueryCompiler.CompileQueryCore[TResult](IDatabase database, Expression query, IModel model, Boolean async)
   at Microsoft.EntityFrameworkCore.Query.Internal.QueryCompiler.<>c__DisplayClass9_0`1.<Execute>b__0()
   at Microsoft.EntityFrameworkCore.Query.Internal.CompiledQueryCache.GetOrAddQuery[TResult](Object cacheKey, Func`1 compiler)
   at Microsoft.EntityFrameworkCore.Query.Internal.QueryCompiler.Execute[TResult](Expression query)
   at Microsoft.EntityFrameworkCore.Query.Internal.EntityQueryProvider.Execute[TResult](Expression expression)
   at Microsoft.EntityFrameworkCore.EntityFrameworkQueryableExtensions.ToQueryString(IQueryable source)
   at Vodace.Sys.Services.Biz_Site_Work_Record_WorkerService.GetContactAttendanceInfo(PageInput`1 dto) in D:\jobs\Project_Vodace_v5\Code\Vodace.Api\Vodace.Sys\Services\Biz\Partial\Biz_Site_Work_Record_WorkerService.cs:line 560
